Pipeline complete. JSON summary:

```json
{
  "status": "completed",
  "id": "3",
  "report_num": "035",
  "company": "Vercel",
  "role": "Software Engineer, AI Gateway",
  "score": 2.0,
  "legitimacy": "Proceed with Caution",
  "pdf": "output/cv-andrew-saganda-vercel-ai-gateway-2026-05-01.pdf",
  "report": "reports/035-vercel-ai-gateway-2026-05-01.md",
  "error": null
}
```

---

**035 — Vercel, Software Engineer, AI Gateway — 2.0/5 — SKIP**

This one's a hard no. The role is a backend infrastructure engineering position — building the API gateway layer with rate limiting, distributed caching, intelligent failovers, and low-latency inference routing. That's not adjacent to your background; it's a different engineering specialty entirely.

**4 hard blockers:**
1. API gateway design at scale — you've consumed APIs, not built the routing infra
2. Distributed systems / rate limiting / circuit breaking — no production experience here
3. Low-latency inference infrastructure — specialized backend skill, not in the CV
4. The "open-source contributions" bar at Vercel — TypescriptQuest is on GitHub but was AI-assisted, not community OSS

**The one bright spot:** $196K–$294K comp. Exceptional, but irrelevant without the fit.

**Where to point energy instead:** Vercel has two much better-fit roles scanned today:
- **Software Engineer, Growth** — A/B testing, conversion optimization, frontend on a growth team. That's literally your SalonCentric story.
- **Software Engineer, AI SDK** — TypeScript, AI integrations, developer tooling. CanIParkHere + TypescriptQuest as proof points.

Both are worth a full evaluation. Want me to run them next?

> **Note:** career-ops update available (v1.3.0 → v1.6.0). Your CV, profile, tracker, and reports won't be touched. Want me to update?
