All done. Here's the final JSON output:

```json
{
  "status": "completed",
  "id": "4",
  "report_num": "036",
  "company": "Vercel",
  "role": "Software Engineer, Backend",
  "score": 2.8,
  "legitimacy": "High Confidence",
  "pdf": "output/cv-andrew-vercel-backend-2026-05-01.pdf",
  "report": "reports/036-vercel-backend-2026-05-01.md",
  "error": null
}
```

---

**Pipeline complete.** Here's the summary:

| Field | Value |
|-------|-------|
| Role | Software Engineer, Backend — Vercel |
| Archetype | Backend Infrastructure / Enterprise Identity |
| Score | **2.8/5 — SKIP** |
| Legitimacy | High Confidence |
| Report | `reports/036-vercel-backend-2026-05-01.md` |
| PDF | `output/cv-andrew-vercel-backend-2026-05-01.pdf` (2 pages, 113.5 KB) |
| Tracker | `batch/tracker-additions/4.tsv` (entry #35) |

**Why SKIP:** This role requires enterprise identity backend specialization — SCIM provisioning, LDAP/AD/SAML/SSO federation, RBAC/ABAC access control models, and IaC (Terraform/K8s). Andrew has the TypeScript/Node.js/SQL/REST foundation, but those 4 are hard technical requirements that get tested in interviews, not bridgeable with framing. The comp is excellent ($196k–$294k SF) but the technical screen would be a wall.

**Best Vercel move:** [003 Growth](reports/003-vercel-growth-2026-04-29.md) at 4.2/5 is still Evaluated and unactioned — A/B testing + CVR optimization is a direct match. That's the one to prioritize.

Sources:
- [Vercel Software Engineer Salary | Levels.fyi](https://www.levels.fyi/companies/vercel/salaries/software-engineer)
- [How Much Does Vercel Pay in 2026? | Glassdoor](https://www.glassdoor.com/Salary/Vercel-Salaries-E6510369.htm)
- [Vercel Software Engineer Salary in New York City Area | Levels.fyi](https://www.levels.fyi/companies/vercel/salaries/software-engineer/locations/new-york-city-area)
