Pipeline completo. Output final:

```json
{
  "status": "completed",
  "id": "4",
  "report_num": "051",
  "company": "Brex",
  "role": "Senior Software Engineer, Full Stack",
  "score": 1.5,
  "legitimacy": "High Confidence",
  "pdf": "output/cv-andrew-saganda-brex-2026-05-06.pdf",
  "report": "reports/051-brex-2026-05-06.md",
  "error": null
}
```

---

**Resumen:** Brex (Capital One subsidiary) — Senior Software Engineer, Full Stack — **1.5/5 — SKIP.**

Tres hard blockers simultáneos:
1. **Seattle hybrid** (3 días/semana obligatorios) — Andrew está en North Jersey, Seattle no está en su lista de relocation
2. **Java/Kotlin backend requerido** — sin experiencia profesional en ninguno
3. **Distributed systems expertise** — no está en el background

La comp es excepcional ($192k–$240k, top quartile según Levels.fyi) pero irrelevante ante los blockers. Report en `reports/051-brex-2026-05-06.md`, PDF en `output/cv-andrew-saganda-brex-2026-05-06.pdf`, tracker line en `batch/tracker-additions/4.tsv` (num 45).

Sources:
- [Brex Software Engineer Salary — Levels.fyi](https://www.levels.fyi/companies/brex/salaries/software-engineer/locations/united-states)
- [Brex Software Engineer Salaries — Glassdoor](https://www.glassdoor.com/Salary/Brex-Software-Engineer-Salaries-E2040671_D_KO5,22.htm)
