Pipeline completo. Resumen final:

```json
{
  "status": "completed",
  "id": "8",
  "report_num": "055",
  "company": "Brex",
  "role": "Senior Software Engineer, Frontend",
  "score": 2.5,
  "legitimacy": "High Confidence",
  "pdf": null,
  "report": "reports/055-brex-senior-frontend-2026-05-06.md",
  "error": null
}
```

---

**Evaluación #055 — Brex Senior Frontend (Vancouver)**

**Resultado: DISCARD — 2.5/5**

El rol es técnicamente el mejor match de Brex evaluado hasta ahora (Senior, React/TS, A/B testing directo), pero Vancouver hybrid 3 días/semana (Mon/Wed/Thu) es un hard blocker. Este es el **tercer** rol de Brex descartado por location (#7 Seattle, #8 SF, ahora #55 Vancouver).

Puntos clave:
- **Tech match fuerte** — React + TypeScript + 8 años + experiencia con experimentos Optimizely = alineación directa con todos los requisitos
- **Comp** — $192k–$240k CAD base (~$140k–$175k USD), total comp con equity CA$374k–537k+ según Levels.fyi
- **Blocker** — Vancouver no está en la lista de relocation targets de Andrew (Austin TX y SF/LA sí están). Requeriría mudanza internacional (US → Canadá)
- **Si Brex publica un rol equivalent fully remote**, vale la pena evaluar — el fit técnico es sólido

PDF no generado (discard). Tracker line escrita a `batch/tracker-additions/8.tsv` con entrada #45.

Sources:
- [Brex Senior SWE Salary Vancouver — Levels.fyi](https://www.levels.fyi/companies/brex/salaries/software-engineer/levels/senior-software-engineer/locations/greater-vancouver)
- [Brex Frontend SWE Salary — Levels.fyi](https://www.levels.fyi/en-gb/companies/brex/salaries/software-engineer/title/frontend-software-engineer)
- [Brex Salaries — Glassdoor](https://www.glassdoor.com/Salary/Brex-Salaries-E2040671.htm)
