Pipeline completo. Aquí está el resumen JSON:

```json
{
  "status": "completed",
  "id": "12",
  "report_num": "061",
  "company": "EvenUp",
  "role": "Web Engineer, Marketing",
  "score": 2.8,
  "legitimacy": "Proceed with Caution",
  "pdf": "output/cv-andrew-saganda-evenup-2026-05-12.pdf",
  "report": "reports/061-evenup-2026-05-12.md",
  "error": null
}
```

---

### Resumen ejecutivo

**EvenUp — Web Engineer, Marketing | Score: 2.8/5**

**Lo bueno:** La experiencia de Andrew en A/B testing (20% CVR + 124% engagement lift con Optimizely en SalonCentric) es un match directo y poco común para un rol de marketing web engineer. El stack React/TypeScript es sólido, WCAG AA es un diferenciador, y TypescriptQuest demuestra velocidad de entrega.

**Lo preocupante:**
- **Cultura:** 3.2/5 en Glassdoor — reviews consistentes de burnout, alta presión, y salidas de VPs. No es una señal menor.
- **Rol periférico:** Marketing website engineer en una legaltech de 779 personas puede quedar fuera de la trayectoria de carrera que Andrew quiere (Growth/Product Frontend).
- **Remoto no confirmado:** La empresa tiene oficinas en SF y Toronto. Andrew está en North Jersey. En batch mode no se pudo confirmar política remota.
- **Salario:** ~$140K median total comp — dentro del target, pero no es stretch dada la situación de cultura.

**Recomendación:** Aplicar solo si en el primer screening se confirma que es remoto o NYC-hybrid. Si requiere reubicación o presencialidad en SF/Toronto, es un blocker duro.
