Pipeline completo. Resumen final:

```json
{
  "status": "completed",
  "id": "15",
  "report_num": "066",
  "company": "Skylight",
  "role": "Senior or Staff Growth Engineer",
  "score": 3.9,
  "legitimacy": "High Confidence",
  "pdf": "output/cv-andrew-saganda-skylight-2026-05-12.pdf",
  "report": "reports/066-skylight-2026-05-12.md",
  "error": null
}
```

---

**Skylight — Senior/Staff Growth Engineer: 3.9/5 → APPLY**

**Por qué vale la pena:**
- **Archetype exacto**: "Growth Engineer / Frontend on Growth Team" es tu archetype primario en `profile.yml`. A/B testing con métricas reales (20% conversion lift, 124% engagement) es match directo.
- **Comp muy por encima del target**: $180–220K vs tu rango de $120–160K. Incluso el floor supera tu target.
- **Empresa real**: Bootstrapped, $300M ARR, rentable. No hay señales rojas.

**Gaps honestos:**
- React Native: solo CanIParkHere (prototype) — pero el rol es near-term Shopify, así que el gap está diferido.
- Shopify/Hydrogen: no en CV, pero SFCC es e-commerce sólido — no es cold start.
- TypeScript 5+ años: tienes producción real (TypescriptQuest) pero no 5 años dedicados. No lo reclames — posiciónalo como "production-grade TypeScript."

**Antes de aplicar**: verificar que el posting sigue activo (Playwright no disponible en batch — chequea el botón Apply manualmente).

---

> **Nota**: career-ops update disponible (v1.3.0 → v1.7.1). ¿Quieres que actualice ahora?

Sources:
- [Skylight Jobs & Careers — Glassdoor](https://www.glassdoor.com/Jobs/Skylight-Jobs-E3255135.htm)
- [Growth Engineer Jobs — ZipRecruiter](https://www.ziprecruiter.com/Jobs/Growth-Engineer)
