All artifacts are written. Here's the final JSON summary:

```json
{
  "status": "completed",
  "id": "18",
  "report_num": "071",
  "company": "Plaid",
  "role": "Technical Support Engineer",
  "score": 1.8,
  "legitimacy": "High Confidence",
  "pdf": "output/cv-andrew-saganda-plaid-2026-05-20.pdf",
  "report": "reports/071-plaid-2026-05-20.md",
  "error": null
}
```

---

## Evaluation Summary — Plaid Technical Support Engineer

**Score: 1.8/5 → SKIP**

Two hard blockers, no workaround:

1. **Comp floor miss.** Posted range is $73,872–$110,000. Your minimum is $115k. Even top-of-band + bonus doesn't clear the floor.

2. **Career direction mismatch.** This is a ticket-volume support role (10–12 tickets/day via Zendesk), not a frontend or growth engineering role. Taking it would move you away from development, not toward it.

**What's actually good about Plaid:** EBITDA profitable, $8B valuation, IPO trajectory, no 2026 layoffs. Worth watching for a **frontend or growth engineering opening** there instead — they'd be a strong fit for A/B testing + e-commerce depth.

**Legitimacy: High Confidence** — specific tool names, salary disclosed, no repost detected in scan history, company is actively hiring.

**Files written:**
- `reports/071-plaid-2026-05-20.md`
- `output/cv-andrew-saganda-plaid-2026-05-20.pdf` (2 pages, letter)
- `batch/tracker-additions/18.tsv` → tracker row 72

Sources:
- [Plaid Technical Support Engineer — Plaid Careers](https://plaid.com/careers/openings/product-support/united-states/technical-support-engineer/)
- [Plaid Technical Support Engineer Salaries — Glassdoor](https://www.glassdoor.com/Salary/Plaid-Technical-Support-Engineer-Salaries-E1156368_D_KO6,32.htm)
- [Plaid Software Engineer Salary — Levels.fyi](https://www.levels.fyi/companies/plaid/salaries/software-engineer)
- [Plaid lays off 260 employees — Fintech Futures](https://www.fintechfutures.com/open-banking/open-banking-fintech-plaid-to-cut-260-jobs)
