All steps complete. Here's the final JSON summary:

```json
{
  "status": "completed",
  "id": "16",
  "report_num": "072",
  "company": "Further",
  "role": "Integrations Support Engineer",
  "score": 2.0,
  "legitimacy": "Proceed with Caution",
  "pdf": "output/cv-andrew-saganda-further-2026-05-20.pdf",
  "report": "reports/072-further-2026-05-20.md",
  "error": null
}
```

---

**Score: 2.0/5 — SKIP recommended.**

Further is an AI platform for senior living with real traction (6,500+ communities), but this role is a career path mismatch for Andrew. Key issues:

- **Python gap** — required for the role, zero professional experience in CV; likely a screen-out
- **Not frontend/growth** — this is integration support, not the engineering path Andrew is targeting
- **Comp risk** — Further's salary data tops at ~$163K across all roles; integration support likely lands $90K–$120K, at or below Andrew's $115K minimum
- **Glassdoor** — 3.2/5, 47% recommend, below average

The one genuine match: SalonCentric gave Andrew direct API integration and technical support experience that maps cleanly to this role's core function. But applying would be a deliberate pivot away from frontend/growth, not an advancement.
