All steps complete. Final JSON summary:

```json
{
  "status": "completed",
  "id": "19",
  "report_num": "078",
  "company": "DoorDash",
  "role": "Front-End Web Developer, B2B, Marketing Technology",
  "score": 3.6,
  "legitimacy": "Proceed with Caution",
  "pdf": "output/cv-candidate-doordash-2026-05-20.pdf",
  "report": "reports/078-doordash-2026-05-20.md",
  "error": null
}
```

---

**Pipeline complete.** Here's the summary:

**DoorDash — Front-End Web Developer, B2B, Marketing Technology**
**Score: 3.6/5** | Proceed with Caution | Remote US | $108.8K–$160K

**Why 3.6 and not higher:** Core skills are a strong match (React, TypeScript, WCAG AA, 8+ years). Two real gaps — NextJS and Contentful CMS — are adjacent and mitigable, not hard blockers. Hiring freeze signal (unverified) and looming fill-by date of 5/30 create some uncertainty.

**The urgent thing:** The posting says it expects to be filled by **May 30** — that's 10 days. If you want this, apply today. Your SalonCentric conversion metrics and FullBeauty WCAG story are directly on-target for what they're building.

**PDF:** `output/cv-candidate-doordash-2026-05-20.pdf` (2 pages, letter format). The summary leads with marketing tech performance framing, and the SalonCentric bullet was rewritten to speak the JD's language (conversion optimization, analytics-driven UI decisions).

Run `node merge-tracker.mjs` when ready to merge entry 75 into the tracker.
